c:\users\administrator\documents\6.837\assn3\starter3\build\a3.dir\debug\vc141.pdb
c:\users\administrator\documents\6.837\assn3\starter3\build\a3.dir\debug\glew.obj
c:\users\administrator\documents\6.837\assn3\starter3\build\a3.dir\debug\simplesystem.obj
c:\users\administrator\documents\6.837\assn3\starter3\build\a3.dir\debug\pendulumsystem.obj
c:\users\administrator\documents\6.837\assn3\starter3\build\a3.dir\debug\particlesystem.obj
c:\users\administrator\documents\6.837\assn3\starter3\build\a3.dir\debug\clothsystem.obj
c:\users\administrator\documents\6.837\assn3\starter3\build\a3.dir\debug\vertexrecorder.obj
c:\users\administrator\documents\6.837\assn3\starter3\build\a3.dir\debug\camera.obj
c:\users\administrator\documents\6.837\assn3\starter3\build\a3.dir\debug\starter3_util.obj
c:\users\administrator\documents\6.837\assn3\starter3\build\a3.dir\debug\main.obj
c:\users\administrator\documents\6.837\assn3\starter3\build\a3.dir\debug\timestepper.obj
c:\users\administrator\documents\6.837\assn3\starter3\build\cmakefiles\generate.stamp
c:\users\administrator\documents\6.837\assn3\starter3\build\debug\a3.exe
c:\users\administrator\documents\6.837\assn3\starter3\build\debug\a3.ilk
c:\users\administrator\documents\6.837\assn3\starter3\build\debug\a3.pdb
c:\users\administrator\documents\6.837\assn3\starter3\build\a3.dir\debug\a3.tlog\cl.command.1.tlog
c:\users\administrator\documents\6.837\assn3\starter3\build\a3.dir\debug\a3.tlog\cl.read.1.tlog
c:\users\administrator\documents\6.837\assn3\starter3\build\a3.dir\debug\a3.tlog\cl.write.1.tlog
c:\users\administrator\documents\6.837\assn3\starter3\build\a3.dir\debug\a3.tlog\custombuild.command.1.tlog
c:\users\administrator\documents\6.837\assn3\starter3\build\a3.dir\debug\a3.tlog\custombuild.read.1.tlog
c:\users\administrator\documents\6.837\assn3\starter3\build\a3.dir\debug\a3.tlog\custombuild.write.1.tlog
c:\users\administrator\documents\6.837\assn3\starter3\build\a3.dir\debug\a3.tlog\link.command.1.tlog
c:\users\administrator\documents\6.837\assn3\starter3\build\a3.dir\debug\a3.tlog\link.read.1.tlog
c:\users\administrator\documents\6.837\assn3\starter3\build\a3.dir\debug\a3.tlog\link.write.1.tlog
